{"/Users/simonadrinkova/React-fitness tracking app/fitness-tracker/components/trainingThreads.js": {"path":"/Users/simonadrinkova/React-fitness tracking app/fitness-tracker/components/trainingThreads.js","statementMap":{"0":{"start":{"line":7,"column":34},"end":{"line":7,"column":79}},"1":{"start":{"line":8,"column":40},"end":{"line":8,"column":52}},"2":{"start":{"line":9,"column":34},"end":{"line":9,"column":48}},"3":{"start":{"line":10,"column":48},"end":{"line":10,"column":60}},"4":{"start":{"line":12,"column":2},"end":{"line":23,"column":9}},"5":{"start":{"line":13,"column":26},"end":{"line":21,"column":5}},"6":{"start":{"line":14,"column":30},"end":{"line":14,"column":59}},"7":{"start":{"line":15,"column":6},"end":{"line":15,"column":74}},"8":{"start":{"line":16,"column":6},"end":{"line":20,"column":7}},"9":{"start":{"line":17,"column":8},"end":{"line":17,"column":37}},"10":{"start":{"line":19,"column":8},"end":{"line":19,"column":30}},"11":{"start":{"line":22,"column":4},"end":{"line":22,"column":20}},"12":{"start":{"line":25,"column":3},"end":{"line":31,"column":18}},"13":{"start":{"line":26,"column":27},"end":{"line":29,"column":6}},"14":{"start":{"line":27,"column":7},"end":{"line":27,"column":66}},"15":{"start":{"line":28,"column":7},"end":{"line":28,"column":47}},"16":{"start":{"line":30,"column":5},"end":{"line":30,"column":21}},"17":{"start":{"line":34,"column":22},"end":{"line":42,"column":3}},"18":{"start":{"line":35,"column":4},"end":{"line":38,"column":5}},"19":{"start":{"line":36,"column":6},"end":{"line":36,"column":44}},"20":{"start":{"line":37,"column":6},"end":{"line":37,"column":13}},"21":{"start":{"line":39,"column":4},"end":{"line":39,"column":44}},"22":{"start":{"line":40,"column":4},"end":{"line":40,"column":23}},"23":{"start":{"line":41,"column":4},"end":{"line":41,"column":49}},"24":{"start":{"line":44,"column":24},"end":{"line":48,"column":3}},"25":{"start":{"line":45,"column":27},"end":{"line":45,"column":77}},"26":{"start":{"line":45,"column":53},"end":{"line":45,"column":76}},"27":{"start":{"line":46,"column":4},"end":{"line":46,"column":32}},"28":{"start":{"line":47,"column":4},"end":{"line":47,"column":51}},"29":{"start":{"line":50,"column":23},"end":{"line":53,"column":3}},"30":{"start":{"line":51,"column":4},"end":{"line":51,"column":30}},"31":{"start":{"line":52,"column":4},"end":{"line":52,"column":37}},"32":{"start":{"line":55,"column":23},"end":{"line":65,"column":3}},"33":{"start":{"line":56,"column":27},"end":{"line":61,"column":6}},"34":{"start":{"line":57,"column":6},"end":{"line":59,"column":7}},"35":{"start":{"line":58,"column":8},"end":{"line":58,"column":31}},"36":{"start":{"line":60,"column":6},"end":{"line":60,"column":18}},"37":{"start":{"line":62,"column":4},"end":{"line":62,"column":32}},"38":{"start":{"line":63,"column":4},"end":{"line":63,"column":22}},"39":{"start":{"line":64,"column":4},"end":{"line":64,"column":27}},"40":{"start":{"line":66,"column":2},"end":{"line":101,"column":3}},"41":{"start":{"line":67,"column":4},"end":{"line":100,"column":5}},"42":{"start":{"line":94,"column":23},"end":{"line":94,"column":40}},"43":{"start":{"line":103,"column":2},"end":{"line":161,"column":4}},"44":{"start":{"line":109,"column":39},"end":{"line":109,"column":55}},"45":{"start":{"line":112,"column":10},"end":{"line":137,"column":17}},"46":{"start":{"line":116,"column":27},"end":{"line":116,"column":91}},"47":{"start":{"line":123,"column":31},"end":{"line":123,"column":51}},"48":{"start":{"line":131,"column":31},"end":{"line":131,"column":49}},"49":{"start":{"line":164,"column":15},"end":{"line":211,"column":2}}},"fnMap":{"0":{"name":"TrainingThreads","decl":{"start":{"line":6,"column":9},"end":{"line":6,"column":24}},"loc":{"start":{"line":6,"column":41},"end":{"line":162,"column":1}},"line":6},"1":{"name":"(anonymous_1)","decl":{"start":{"line":12,"column":12},"end":{"line":12,"column":13}},"loc":{"start":{"line":12,"column":18},"end":{"line":23,"column":3}},"line":12},"2":{"name":"(anonymous_2)","decl":{"start":{"line":13,"column":26},"end":{"line":13,"column":27}},"loc":{"start":{"line":13,"column":38},"end":{"line":21,"column":5}},"line":13},"3":{"name":"(anonymous_3)","decl":{"start":{"line":25,"column":13},"end":{"line":25,"column":14}},"loc":{"start":{"line":25,"column":19},"end":{"line":31,"column":4}},"line":25},"4":{"name":"(anonymous_4)","decl":{"start":{"line":26,"column":27},"end":{"line":26,"column":28}},"loc":{"start":{"line":26,"column":39},"end":{"line":29,"column":6}},"line":26},"5":{"name":"(anonymous_5)","decl":{"start":{"line":34,"column":22},"end":{"line":34,"column":23}},"loc":{"start":{"line":34,"column":28},"end":{"line":42,"column":3}},"line":34},"6":{"name":"(anonymous_6)","decl":{"start":{"line":44,"column":24},"end":{"line":44,"column":25}},"loc":{"start":{"line":44,"column":44},"end":{"line":48,"column":3}},"line":44},"7":{"name":"(anonymous_7)","decl":{"start":{"line":45,"column":43},"end":{"line":45,"column":44}},"loc":{"start":{"line":45,"column":53},"end":{"line":45,"column":76}},"line":45},"8":{"name":"(anonymous_8)","decl":{"start":{"line":50,"column":23},"end":{"line":50,"column":24}},"loc":{"start":{"line":50,"column":41},"end":{"line":53,"column":3}},"line":50},"9":{"name":"(anonymous_9)","decl":{"start":{"line":55,"column":23},"end":{"line":55,"column":24}},"loc":{"start":{"line":55,"column":29},"end":{"line":65,"column":3}},"line":55},"10":{"name":"(anonymous_10)","decl":{"start":{"line":56,"column":40},"end":{"line":56,"column":41}},"loc":{"start":{"line":56,"column":50},"end":{"line":61,"column":5}},"line":56},"11":{"name":"(anonymous_11)","decl":{"start":{"line":94,"column":17},"end":{"line":94,"column":18}},"loc":{"start":{"line":94,"column":23},"end":{"line":94,"column":40}},"line":94},"12":{"name":"(anonymous_12)","decl":{"start":{"line":109,"column":22},"end":{"line":109,"column":23}},"loc":{"start":{"line":109,"column":39},"end":{"line":109,"column":55}},"line":109},"13":{"name":"(anonymous_13)","decl":{"start":{"line":110,"column":20},"end":{"line":110,"column":21}},"loc":{"start":{"line":112,"column":10},"end":{"line":137,"column":17}},"line":112},"14":{"name":"(anonymous_14)","decl":{"start":{"line":116,"column":21},"end":{"line":116,"column":22}},"loc":{"start":{"line":116,"column":27},"end":{"line":116,"column":91}},"line":116},"15":{"name":"(anonymous_15)","decl":{"start":{"line":123,"column":25},"end":{"line":123,"column":26}},"loc":{"start":{"line":123,"column":31},"end":{"line":123,"column":51}},"line":123},"16":{"name":"(anonymous_16)","decl":{"start":{"line":131,"column":25},"end":{"line":131,"column":26}},"loc":{"start":{"line":131,"column":31},"end":{"line":131,"column":49}},"line":131}},"branchMap":{"0":{"loc":{"start":{"line":16,"column":6},"end":{"line":20,"column":7}},"type":"if","locations":[{"start":{"line":16,"column":6},"end":{"line":20,"column":7}},{"start":{"line":18,"column":13},"end":{"line":20,"column":7}}],"line":16},"1":{"loc":{"start":{"line":35,"column":4},"end":{"line":38,"column":5}},"type":"if","locations":[{"start":{"line":35,"column":4},"end":{"line":38,"column":5}},{"start":{},"end":{}}],"line":35},"2":{"loc":{"start":{"line":57,"column":6},"end":{"line":59,"column":7}},"type":"if","locations":[{"start":{"line":57,"column":6},"end":{"line":59,"column":7}},{"start":{},"end":{}}],"line":57},"3":{"loc":{"start":{"line":66,"column":2},"end":{"line":101,"column":3}},"type":"if","locations":[{"start":{"line":66,"column":2},"end":{"line":101,"column":3}},{"start":{},"end":{}}],"line":66}},"s":{"0":18,"1":18,"2":18,"3":18,"4":18,"5":5,"6":5,"7":5,"8":5,"9":5,"10":0,"11":5,"12":18,"13":13,"14":13,"15":13,"16":13,"17":18,"18":1,"19":0,"20":0,"21":1,"22":1,"23":1,"24":18,"25":1,"26":3,"27":1,"28":1,"29":18,"30":2,"31":2,"32":18,"33":1,"34":3,"35":1,"36":2,"37":1,"38":1,"39":1,"40":18,"41":3,"42":1,"43":15,"44":55,"45":45,"46":0,"47":1,"48":2,"49":1},"f":{"0":18,"1":5,"2":5,"3":13,"4":13,"5":1,"6":1,"7":3,"8":2,"9":1,"10":3,"11":1,"12":55,"13":45,"14":0,"15":1,"16":2},"b":{"0":[5,0],"1":[0,1],"2":[1,2],"3":[3,15]},"_coverageSchema":"1a1c01bbd47fc00a2c39e90264f33305004495a9","hash":"bbf238606b8362b6da80fed9a16348f4edb5f465"}
,"/Users/simonadrinkova/React-fitness tracking app/fitness-tracker/utils/localStorageUtils.js": {"path":"/Users/simonadrinkova/React-fitness tracking app/fitness-tracker/utils/localStorageUtils.js","statementMap":{"0":{"start":{"line":4,"column":23},"end":{"line":11,"column":1}},"1":{"start":{"line":5,"column":2},"end":{"line":10,"column":3}},"2":{"start":{"line":7,"column":4},"end":{"line":7,"column":59}},"3":{"start":{"line":14,"column":23},"end":{"line":22,"column":1}},"4":{"start":{"line":15,"column":2},"end":{"line":21,"column":3}},"5":{"start":{"line":16,"column":18},"end":{"line":16,"column":49}},"6":{"start":{"line":18,"column":4},"end":{"line":18,"column":44}},"7":{"start":{"line":25,"column":26},"end":{"line":32,"column":1}},"8":{"start":{"line":26,"column":2},"end":{"line":31,"column":3}},"9":{"start":{"line":28,"column":4},"end":{"line":28,"column":39}},"10":{"start":{"line":35,"column":26},"end":{"line":44,"column":1}},"11":{"start":{"line":36,"column":24},"end":{"line":36,"column":42}},"12":{"start":{"line":37,"column":2},"end":{"line":43,"column":3}},"13":{"start":{"line":38,"column":25},"end":{"line":38,"column":58}},"14":{"start":{"line":40,"column":4},"end":{"line":40,"column":37}},"15":{"start":{"line":42,"column":4},"end":{"line":42,"column":33}}},"fnMap":{"0":{"name":"(anonymous_0)","decl":{"start":{"line":4,"column":23},"end":{"line":4,"column":24}},"loc":{"start":{"line":4,"column":45},"end":{"line":11,"column":1}},"line":4},"1":{"name":"(anonymous_1)","decl":{"start":{"line":14,"column":23},"end":{"line":14,"column":24}},"loc":{"start":{"line":14,"column":38},"end":{"line":22,"column":1}},"line":14},"2":{"name":"(anonymous_2)","decl":{"start":{"line":25,"column":26},"end":{"line":25,"column":27}},"loc":{"start":{"line":25,"column":41},"end":{"line":32,"column":1}},"line":25},"3":{"name":"(anonymous_3)","decl":{"start":{"line":35,"column":26},"end":{"line":35,"column":27}},"loc":{"start":{"line":35,"column":51},"end":{"line":44,"column":1}},"line":35}},"branchMap":{"0":{"loc":{"start":{"line":18,"column":11},"end":{"line":18,"column":43}},"type":"cond-expr","locations":[{"start":{"line":18,"column":19},"end":{"line":18,"column":36}},{"start":{"line":18,"column":39},"end":{"line":18,"column":43}}],"line":18},"1":{"loc":{"start":{"line":37,"column":2},"end":{"line":43,"column":3}},"type":"if","locations":[{"start":{"line":37,"column":2},"end":{"line":43,"column":3}},{"start":{"line":41,"column":9},"end":{"line":43,"column":3}}],"line":37}},"s":{"0":1,"1":0,"2":0,"3":1,"4":0,"5":0,"6":0,"7":1,"8":0,"9":0,"10":1,"11":0,"12":0,"13":0,"14":0,"15":0},"f":{"0":0,"1":0,"2":0,"3":0},"b":{"0":[0,0],"1":[0,0]},"_coverageSchema":"1a1c01bbd47fc00a2c39e90264f33305004495a9","hash":"9710446b98b21df447ef20e4d771f56760728c05"}
}
