{"/Users/simonadrinkova/React-fitness tracking app/fitness-tracker/components/exerciseList.js": {"path":"/Users/simonadrinkova/React-fitness tracking app/fitness-tracker/components/exerciseList.js","statementMap":{"0":{"start":{"line":7,"column":27},"end":{"line":7,"column":39}},"1":{"start":{"line":8,"column":34},"end":{"line":8,"column":46}},"2":{"start":{"line":9,"column":40},"end":{"line":9,"column":52}},"3":{"start":{"line":10,"column":30},"end":{"line":10,"column":42}},"4":{"start":{"line":11,"column":26},"end":{"line":11,"column":38}},"5":{"start":{"line":12,"column":30},"end":{"line":12,"column":42}},"6":{"start":{"line":13,"column":34},"end":{"line":13,"column":46}},"7":{"start":{"line":14,"column":34},"end":{"line":14,"column":49}},"8":{"start":{"line":15,"column":34},"end":{"line":15,"column":48}},"9":{"start":{"line":16,"column":46},"end":{"line":16,"column":58}},"10":{"start":{"line":18,"column":2},"end":{"line":27,"column":21}},"11":{"start":{"line":19,"column":26},"end":{"line":25,"column":5}},"12":{"start":{"line":20,"column":30},"end":{"line":20,"column":75}},"13":{"start":{"line":21,"column":6},"end":{"line":21,"column":94}},"14":{"start":{"line":22,"column":6},"end":{"line":24,"column":7}},"15":{"start":{"line":23,"column":8},"end":{"line":23,"column":37}},"16":{"start":{"line":26,"column":4},"end":{"line":26,"column":20}},"17":{"start":{"line":29,"column":2},"end":{"line":35,"column":31}},"18":{"start":{"line":30,"column":26},"end":{"line":33,"column":5}},"19":{"start":{"line":31,"column":6},"end":{"line":31,"column":85}},"20":{"start":{"line":32,"column":6},"end":{"line":32,"column":62}},"21":{"start":{"line":34,"column":4},"end":{"line":34,"column":20}},"22":{"start":{"line":37,"column":22},"end":{"line":39,"column":3}},"23":{"start":{"line":38,"column":4},"end":{"line":38,"column":22}},"24":{"start":{"line":41,"column":25},"end":{"line":45,"column":3}},"25":{"start":{"line":42,"column":29},"end":{"line":42,"column":85}},"26":{"start":{"line":42,"column":55},"end":{"line":42,"column":84}},"27":{"start":{"line":43,"column":4},"end":{"line":43,"column":34}},"28":{"start":{"line":44,"column":4},"end":{"line":44,"column":54}},"29":{"start":{"line":47,"column":23},"end":{"line":50,"column":3}},"30":{"start":{"line":48,"column":4},"end":{"line":48,"column":33}},"31":{"start":{"line":49,"column":4},"end":{"line":49,"column":36}},"32":{"start":{"line":52,"column":29},"end":{"line":75,"column":3}},"33":{"start":{"line":53,"column":4},"end":{"line":56,"column":5}},"34":{"start":{"line":54,"column":6},"end":{"line":54,"column":56}},"35":{"start":{"line":55,"column":6},"end":{"line":55,"column":13}},"36":{"start":{"line":58,"column":29},"end":{"line":70,"column":6}},"37":{"start":{"line":59,"column":6},"end":{"line":68,"column":7}},"38":{"start":{"line":60,"column":8},"end":{"line":67,"column":10}},"39":{"start":{"line":69,"column":6},"end":{"line":69,"column":18}},"40":{"start":{"line":71,"column":4},"end":{"line":71,"column":34}},"41":{"start":{"line":72,"column":4},"end":{"line":72,"column":22}},"42":{"start":{"line":73,"column":4},"end":{"line":73,"column":26}},"43":{"start":{"line":74,"column":4},"end":{"line":74,"column":53}},"44":{"start":{"line":77,"column":23},"end":{"line":107,"column":3}},"45":{"start":{"line":78,"column":4},"end":{"line":78,"column":39}},"46":{"start":{"line":79,"column":4},"end":{"line":79,"column":65}},"47":{"start":{"line":80,"column":4},"end":{"line":83,"column":5}},"48":{"start":{"line":81,"column":6},"end":{"line":81,"column":56}},"49":{"start":{"line":82,"column":6},"end":{"line":82,"column":13}},"50":{"start":{"line":85,"column":4},"end":{"line":88,"column":5}},"51":{"start":{"line":86,"column":6},"end":{"line":86,"column":76}},"52":{"start":{"line":87,"column":6},"end":{"line":87,"column":13}},"53":{"start":{"line":89,"column":4},"end":{"line":106,"column":5}},"54":{"start":{"line":90,"column":30},"end":{"line":97,"column":7}},"55":{"start":{"line":98,"column":31},"end":{"line":98,"column":61}},"56":{"start":{"line":99,"column":6},"end":{"line":99,"column":36}},"57":{"start":{"line":100,"column":6},"end":{"line":100,"column":25}},"58":{"start":{"line":101,"column":6},"end":{"line":101,"column":20}},"59":{"start":{"line":102,"column":6},"end":{"line":102,"column":18}},"60":{"start":{"line":103,"column":6},"end":{"line":103,"column":20}},"61":{"start":{"line":104,"column":6},"end":{"line":104,"column":22}},"62":{"start":{"line":105,"column":6},"end":{"line":105,"column":25}},"63":{"start":{"line":109,"column":2},"end":{"line":189,"column":3}},"64":{"start":{"line":110,"column":4},"end":{"line":188,"column":6}},"65":{"start":{"line":123,"column":32},"end":{"line":123,"column":118}},"66":{"start":{"line":132,"column":32},"end":{"line":132,"column":115}},"67":{"start":{"line":141,"column":32},"end":{"line":141,"column":111}},"68":{"start":{"line":150,"column":32},"end":{"line":150,"column":115}},"69":{"start":{"line":158,"column":32},"end":{"line":158,"column":119}},"70":{"start":{"line":165,"column":12},"end":{"line":169,"column":13}},"71":{"start":{"line":166,"column":14},"end":{"line":166,"column":35}},"72":{"start":{"line":168,"column":14},"end":{"line":168,"column":29}},"73":{"start":{"line":179,"column":12},"end":{"line":179,"column":31}},"74":{"start":{"line":180,"column":12},"end":{"line":180,"column":30}},"75":{"start":{"line":181,"column":12},"end":{"line":181,"column":34}},"76":{"start":{"line":191,"column":2},"end":{"line":226,"column":4}},"77":{"start":{"line":196,"column":32},"end":{"line":196,"column":57}},"78":{"start":{"line":198,"column":10},"end":{"line":214,"column":29}},"79":{"start":{"line":199,"column":27},"end":{"line":199,"column":45}},"80":{"start":{"line":207,"column":31},"end":{"line":207,"column":51}},"81":{"start":{"line":229,"column":15},"end":{"line":267,"column":2}}},"fnMap":{"0":{"name":"ExerciseList","decl":{"start":{"line":6,"column":9},"end":{"line":6,"column":21}},"loc":{"start":{"line":6,"column":33},"end":{"line":227,"column":1}},"line":6},"1":{"name":"(anonymous_1)","decl":{"start":{"line":18,"column":12},"end":{"line":18,"column":13}},"loc":{"start":{"line":18,"column":18},"end":{"line":27,"column":3}},"line":18},"2":{"name":"(anonymous_2)","decl":{"start":{"line":19,"column":26},"end":{"line":19,"column":27}},"loc":{"start":{"line":19,"column":38},"end":{"line":25,"column":5}},"line":19},"3":{"name":"(anonymous_3)","decl":{"start":{"line":29,"column":12},"end":{"line":29,"column":13}},"loc":{"start":{"line":29,"column":18},"end":{"line":35,"column":3}},"line":29},"4":{"name":"(anonymous_4)","decl":{"start":{"line":30,"column":26},"end":{"line":30,"column":27}},"loc":{"start":{"line":30,"column":38},"end":{"line":33,"column":5}},"line":30},"5":{"name":"(anonymous_5)","decl":{"start":{"line":37,"column":22},"end":{"line":37,"column":23}},"loc":{"start":{"line":37,"column":28},"end":{"line":39,"column":3}},"line":37},"6":{"name":"(anonymous_6)","decl":{"start":{"line":41,"column":25},"end":{"line":41,"column":26}},"loc":{"start":{"line":41,"column":45},"end":{"line":45,"column":3}},"line":41},"7":{"name":"(anonymous_7)","decl":{"start":{"line":42,"column":45},"end":{"line":42,"column":46}},"loc":{"start":{"line":42,"column":55},"end":{"line":42,"column":84}},"line":42},"8":{"name":"(anonymous_8)","decl":{"start":{"line":47,"column":23},"end":{"line":47,"column":24}},"loc":{"start":{"line":47,"column":41},"end":{"line":50,"column":3}},"line":47},"9":{"name":"(anonymous_9)","decl":{"start":{"line":52,"column":29},"end":{"line":52,"column":30}},"loc":{"start":{"line":52,"column":35},"end":{"line":75,"column":3}},"line":52},"10":{"name":"(anonymous_10)","decl":{"start":{"line":58,"column":42},"end":{"line":58,"column":43}},"loc":{"start":{"line":58,"column":52},"end":{"line":70,"column":5}},"line":58},"11":{"name":"(anonymous_11)","decl":{"start":{"line":77,"column":23},"end":{"line":77,"column":24}},"loc":{"start":{"line":77,"column":29},"end":{"line":107,"column":3}},"line":77},"12":{"name":"(anonymous_12)","decl":{"start":{"line":123,"column":24},"end":{"line":123,"column":25}},"loc":{"start":{"line":123,"column":32},"end":{"line":123,"column":118}},"line":123},"13":{"name":"(anonymous_13)","decl":{"start":{"line":132,"column":24},"end":{"line":132,"column":25}},"loc":{"start":{"line":132,"column":32},"end":{"line":132,"column":115}},"line":132},"14":{"name":"(anonymous_14)","decl":{"start":{"line":141,"column":24},"end":{"line":141,"column":25}},"loc":{"start":{"line":141,"column":32},"end":{"line":141,"column":111}},"line":141},"15":{"name":"(anonymous_15)","decl":{"start":{"line":150,"column":24},"end":{"line":150,"column":25}},"loc":{"start":{"line":150,"column":32},"end":{"line":150,"column":115}},"line":150},"16":{"name":"(anonymous_16)","decl":{"start":{"line":158,"column":24},"end":{"line":158,"column":25}},"loc":{"start":{"line":158,"column":32},"end":{"line":158,"column":119}},"line":158},"17":{"name":"(anonymous_17)","decl":{"start":{"line":164,"column":19},"end":{"line":164,"column":20}},"loc":{"start":{"line":164,"column":25},"end":{"line":170,"column":11}},"line":164},"18":{"name":"(anonymous_18)","decl":{"start":{"line":178,"column":19},"end":{"line":178,"column":20}},"loc":{"start":{"line":178,"column":25},"end":{"line":182,"column":11}},"line":178},"19":{"name":"(anonymous_19)","decl":{"start":{"line":196,"column":22},"end":{"line":196,"column":23}},"loc":{"start":{"line":196,"column":32},"end":{"line":196,"column":57}},"line":196},"20":{"name":"(anonymous_20)","decl":{"start":{"line":197,"column":20},"end":{"line":197,"column":21}},"loc":{"start":{"line":198,"column":10},"end":{"line":214,"column":29}},"line":198},"21":{"name":"(anonymous_21)","decl":{"start":{"line":199,"column":21},"end":{"line":199,"column":22}},"loc":{"start":{"line":199,"column":27},"end":{"line":199,"column":45}},"line":199},"22":{"name":"(anonymous_22)","decl":{"start":{"line":207,"column":25},"end":{"line":207,"column":26}},"loc":{"start":{"line":207,"column":31},"end":{"line":207,"column":51}},"line":207}},"branchMap":{"0":{"loc":{"start":{"line":22,"column":6},"end":{"line":24,"column":7}},"type":"if","locations":[{"start":{"line":22,"column":6},"end":{"line":24,"column":7}},{"start":{},"end":{}}],"line":22},"1":{"loc":{"start":{"line":53,"column":4},"end":{"line":56,"column":5}},"type":"if","locations":[{"start":{"line":53,"column":4},"end":{"line":56,"column":5}},{"start":{},"end":{}}],"line":53},"2":{"loc":{"start":{"line":53,"column":8},"end":{"line":53,"column":98}},"type":"binary-expr","locations":[{"start":{"line":53,"column":8},"end":{"line":53,"column":36}},{"start":{"line":53,"column":40},"end":{"line":53,"column":66}},{"start":{"line":53,"column":70},"end":{"line":53,"column":98}}],"line":53},"3":{"loc":{"start":{"line":59,"column":6},"end":{"line":68,"column":7}},"type":"if","locations":[{"start":{"line":59,"column":6},"end":{"line":68,"column":7}},{"start":{},"end":{}}],"line":59},"4":{"loc":{"start":{"line":80,"column":4},"end":{"line":83,"column":5}},"type":"if","locations":[{"start":{"line":80,"column":4},"end":{"line":83,"column":5}},{"start":{},"end":{}}],"line":80},"5":{"loc":{"start":{"line":80,"column":8},"end":{"line":80,"column":53}},"type":"binary-expr","locations":[{"start":{"line":80,"column":8},"end":{"line":80,"column":21}},{"start":{"line":80,"column":25},"end":{"line":80,"column":36}},{"start":{"line":80,"column":40},"end":{"line":80,"column":53}}],"line":80},"6":{"loc":{"start":{"line":85,"column":4},"end":{"line":88,"column":5}},"type":"if","locations":[{"start":{"line":85,"column":4},"end":{"line":88,"column":5}},{"start":{},"end":{}}],"line":85},"7":{"loc":{"start":{"line":85,"column":8},"end":{"line":85,"column":40}},"type":"binary-expr","locations":[{"start":{"line":85,"column":8},"end":{"line":85,"column":20}},{"start":{"line":85,"column":24},"end":{"line":85,"column":31}},{"start":{"line":85,"column":35},"end":{"line":85,"column":40}}],"line":85},"8":{"loc":{"start":{"line":89,"column":4},"end":{"line":106,"column":5}},"type":"if","locations":[{"start":{"line":89,"column":4},"end":{"line":106,"column":5}},{"start":{},"end":{}}],"line":89},"9":{"loc":{"start":{"line":89,"column":8},"end":{"line":89,"column":37}},"type":"binary-expr","locations":[{"start":{"line":89,"column":8},"end":{"line":89,"column":19}},{"start":{"line":89,"column":23},"end":{"line":89,"column":29}},{"start":{"line":89,"column":33},"end":{"line":89,"column":37}}],"line":89},"10":{"loc":{"start":{"line":109,"column":2},"end":{"line":189,"column":3}},"type":"if","locations":[{"start":{"line":109,"column":2},"end":{"line":189,"column":3}},{"start":{},"end":{}}],"line":109},"11":{"loc":{"start":{"line":109,"column":6},"end":{"line":109,"column":26}},"type":"binary-expr","locations":[{"start":{"line":109,"column":6},"end":{"line":109,"column":14}},{"start":{"line":109,"column":18},"end":{"line":109,"column":26}}],"line":109},"12":{"loc":{"start":{"line":117,"column":12},"end":{"line":117,"column":59}},"type":"cond-expr","locations":[{"start":{"line":117,"column":23},"end":{"line":117,"column":38}},{"start":{"line":117,"column":41},"end":{"line":117,"column":59}}],"line":117},"13":{"loc":{"start":{"line":122,"column":17},"end":{"line":122,"column":61}},"type":"cond-expr","locations":[{"start":{"line":122,"column":28},"end":{"line":122,"column":47}},{"start":{"line":122,"column":50},"end":{"line":122,"column":61}}],"line":122},"14":{"loc":{"start":{"line":123,"column":32},"end":{"line":123,"column":118}},"type":"cond-expr","locations":[{"start":{"line":123,"column":43},"end":{"line":123,"column":95}},{"start":{"line":123,"column":98},"end":{"line":123,"column":118}}],"line":123},"15":{"loc":{"start":{"line":131,"column":17},"end":{"line":131,"column":69}},"type":"cond-expr","locations":[{"start":{"line":131,"column":28},"end":{"line":131,"column":60}},{"start":{"line":131,"column":63},"end":{"line":131,"column":69}}],"line":131},"16":{"loc":{"start":{"line":132,"column":32},"end":{"line":132,"column":115}},"type":"cond-expr","locations":[{"start":{"line":132,"column":43},"end":{"line":132,"column":97}},{"start":{"line":132,"column":100},"end":{"line":132,"column":115}}],"line":132},"17":{"loc":{"start":{"line":140,"column":17},"end":{"line":140,"column":65}},"type":"cond-expr","locations":[{"start":{"line":140,"column":28},"end":{"line":140,"column":58}},{"start":{"line":140,"column":61},"end":{"line":140,"column":65}}],"line":140},"18":{"loc":{"start":{"line":141,"column":32},"end":{"line":141,"column":111}},"type":"cond-expr","locations":[{"start":{"line":141,"column":43},"end":{"line":141,"column":95}},{"start":{"line":141,"column":98},"end":{"line":141,"column":111}}],"line":141},"19":{"loc":{"start":{"line":149,"column":17},"end":{"line":149,"column":69}},"type":"cond-expr","locations":[{"start":{"line":149,"column":28},"end":{"line":149,"column":60}},{"start":{"line":149,"column":63},"end":{"line":149,"column":69}}],"line":149},"20":{"loc":{"start":{"line":150,"column":32},"end":{"line":150,"column":115}},"type":"cond-expr","locations":[{"start":{"line":150,"column":43},"end":{"line":150,"column":97}},{"start":{"line":150,"column":100},"end":{"line":150,"column":115}}],"line":150},"21":{"loc":{"start":{"line":157,"column":17},"end":{"line":157,"column":62}},"type":"cond-expr","locations":[{"start":{"line":157,"column":28},"end":{"line":157,"column":51}},{"start":{"line":157,"column":54},"end":{"line":157,"column":62}}],"line":157},"22":{"loc":{"start":{"line":158,"column":32},"end":{"line":158,"column":119}},"type":"cond-expr","locations":[{"start":{"line":158,"column":43},"end":{"line":158,"column":99}},{"start":{"line":158,"column":102},"end":{"line":158,"column":119}}],"line":158},"23":{"loc":{"start":{"line":165,"column":12},"end":{"line":169,"column":13}},"type":"if","locations":[{"start":{"line":165,"column":12},"end":{"line":169,"column":13}},{"start":{"line":167,"column":19},"end":{"line":169,"column":13}}],"line":165},"24":{"loc":{"start":{"line":173,"column":43},"end":{"line":173,"column":86}},"type":"cond-expr","locations":[{"start":{"line":173,"column":54},"end":{"line":173,"column":68}},{"start":{"line":173,"column":71},"end":{"line":173,"column":86}}],"line":173},"25":{"loc":{"start":{"line":204,"column":15},"end":{"line":204,"column":96}},"type":"binary-expr","locations":[{"start":{"line":204,"column":15},"end":{"line":204,"column":26}},{"start":{"line":204,"column":30},"end":{"line":204,"column":96}}],"line":204},"26":{"loc":{"start":{"line":205,"column":15},"end":{"line":205,"column":99}},"type":"binary-expr","locations":[{"start":{"line":205,"column":15},"end":{"line":205,"column":28}},{"start":{"line":205,"column":32},"end":{"line":205,"column":99}}],"line":205}},"s":{"0":24,"1":24,"2":24,"3":24,"4":24,"5":24,"6":24,"7":24,"8":24,"9":24,"10":24,"11":5,"12":5,"13":5,"14":5,"15":5,"16":5,"17":24,"18":13,"19":13,"20":13,"21":13,"22":24,"23":2,"24":24,"25":1,"26":1,"27":1,"28":1,"29":24,"30":2,"31":2,"32":24,"33":1,"34":0,"35":0,"36":1,"37":1,"38":1,"39":0,"40":1,"41":1,"42":1,"43":1,"44":24,"45":1,"46":1,"47":1,"48":0,"49":0,"50":1,"51":0,"52":0,"53":1,"54":1,"55":1,"56":1,"57":1,"58":1,"59":1,"60":1,"61":1,"62":1,"63":24,"64":9,"65":2,"66":1,"67":1,"68":1,"69":0,"70":2,"71":1,"72":1,"73":2,"74":2,"75":2,"76":15,"77":19,"78":10,"79":2,"80":1,"81":1},"f":{"0":24,"1":5,"2":5,"3":13,"4":13,"5":2,"6":1,"7":1,"8":2,"9":1,"10":1,"11":1,"12":2,"13":1,"14":1,"15":1,"16":0,"17":2,"18":2,"19":19,"20":10,"21":2,"22":1},"b":{"0":[5,0],"1":[0,1],"2":[1,1,1],"3":[1,0],"4":[0,1],"5":[1,1,1],"6":[0,1],"7":[1,1,1],"8":[1,0],"9":[1,1,1],"10":[9,15],"11":[24,18],"12":[3,6],"13":[3,6],"14":[1,1],"15":[3,6],"16":[0,1],"17":[3,6],"18":[0,1],"19":[3,6],"20":[0,1],"21":[3,6],"22":[0,0],"23":[1,1],"24":[3,6],"25":[10,1],"26":[10,0]},"_coverageSchema":"1a1c01bbd47fc00a2c39e90264f33305004495a9","hash":"cd474b6bd7c269454c3719af3e5289cecbbc7249"}
,"/Users/simonadrinkova/React-fitness tracking app/fitness-tracker/components/trainingThreads.js": {"path":"/Users/simonadrinkova/React-fitness tracking app/fitness-tracker/components/trainingThreads.js","statementMap":{"0":{"start":{"line":7,"column":34},"end":{"line":7,"column":79}},"1":{"start":{"line":8,"column":40},"end":{"line":8,"column":52}},"2":{"start":{"line":9,"column":34},"end":{"line":9,"column":48}},"3":{"start":{"line":10,"column":48},"end":{"line":10,"column":60}},"4":{"start":{"line":12,"column":2},"end":{"line":23,"column":9}},"5":{"start":{"line":13,"column":26},"end":{"line":21,"column":5}},"6":{"start":{"line":14,"column":30},"end":{"line":14,"column":59}},"7":{"start":{"line":15,"column":6},"end":{"line":15,"column":74}},"8":{"start":{"line":16,"column":6},"end":{"line":20,"column":7}},"9":{"start":{"line":17,"column":8},"end":{"line":17,"column":37}},"10":{"start":{"line":19,"column":8},"end":{"line":19,"column":30}},"11":{"start":{"line":22,"column":4},"end":{"line":22,"column":20}},"12":{"start":{"line":25,"column":3},"end":{"line":31,"column":18}},"13":{"start":{"line":26,"column":27},"end":{"line":29,"column":6}},"14":{"start":{"line":27,"column":7},"end":{"line":27,"column":66}},"15":{"start":{"line":28,"column":7},"end":{"line":28,"column":47}},"16":{"start":{"line":30,"column":5},"end":{"line":30,"column":21}},"17":{"start":{"line":34,"column":22},"end":{"line":42,"column":3}},"18":{"start":{"line":35,"column":4},"end":{"line":38,"column":5}},"19":{"start":{"line":36,"column":6},"end":{"line":36,"column":44}},"20":{"start":{"line":37,"column":6},"end":{"line":37,"column":13}},"21":{"start":{"line":39,"column":4},"end":{"line":39,"column":44}},"22":{"start":{"line":40,"column":4},"end":{"line":40,"column":23}},"23":{"start":{"line":41,"column":4},"end":{"line":41,"column":49}},"24":{"start":{"line":44,"column":24},"end":{"line":48,"column":3}},"25":{"start":{"line":45,"column":27},"end":{"line":45,"column":77}},"26":{"start":{"line":45,"column":53},"end":{"line":45,"column":76}},"27":{"start":{"line":46,"column":4},"end":{"line":46,"column":32}},"28":{"start":{"line":47,"column":4},"end":{"line":47,"column":51}},"29":{"start":{"line":50,"column":23},"end":{"line":53,"column":3}},"30":{"start":{"line":51,"column":4},"end":{"line":51,"column":30}},"31":{"start":{"line":52,"column":4},"end":{"line":52,"column":37}},"32":{"start":{"line":55,"column":23},"end":{"line":65,"column":3}},"33":{"start":{"line":56,"column":27},"end":{"line":61,"column":6}},"34":{"start":{"line":57,"column":6},"end":{"line":59,"column":7}},"35":{"start":{"line":58,"column":8},"end":{"line":58,"column":31}},"36":{"start":{"line":60,"column":6},"end":{"line":60,"column":18}},"37":{"start":{"line":62,"column":4},"end":{"line":62,"column":32}},"38":{"start":{"line":63,"column":4},"end":{"line":63,"column":22}},"39":{"start":{"line":64,"column":4},"end":{"line":64,"column":27}},"40":{"start":{"line":66,"column":2},"end":{"line":101,"column":3}},"41":{"start":{"line":67,"column":4},"end":{"line":100,"column":5}},"42":{"start":{"line":94,"column":23},"end":{"line":94,"column":40}},"43":{"start":{"line":103,"column":2},"end":{"line":161,"column":4}},"44":{"start":{"line":109,"column":39},"end":{"line":109,"column":55}},"45":{"start":{"line":112,"column":10},"end":{"line":137,"column":17}},"46":{"start":{"line":116,"column":27},"end":{"line":116,"column":91}},"47":{"start":{"line":123,"column":31},"end":{"line":123,"column":51}},"48":{"start":{"line":131,"column":31},"end":{"line":131,"column":49}},"49":{"start":{"line":164,"column":15},"end":{"line":211,"column":2}}},"fnMap":{"0":{"name":"TrainingThreads","decl":{"start":{"line":6,"column":9},"end":{"line":6,"column":24}},"loc":{"start":{"line":6,"column":41},"end":{"line":162,"column":1}},"line":6},"1":{"name":"(anonymous_1)","decl":{"start":{"line":12,"column":12},"end":{"line":12,"column":13}},"loc":{"start":{"line":12,"column":18},"end":{"line":23,"column":3}},"line":12},"2":{"name":"(anonymous_2)","decl":{"start":{"line":13,"column":26},"end":{"line":13,"column":27}},"loc":{"start":{"line":13,"column":38},"end":{"line":21,"column":5}},"line":13},"3":{"name":"(anonymous_3)","decl":{"start":{"line":25,"column":13},"end":{"line":25,"column":14}},"loc":{"start":{"line":25,"column":19},"end":{"line":31,"column":4}},"line":25},"4":{"name":"(anonymous_4)","decl":{"start":{"line":26,"column":27},"end":{"line":26,"column":28}},"loc":{"start":{"line":26,"column":39},"end":{"line":29,"column":6}},"line":26},"5":{"name":"(anonymous_5)","decl":{"start":{"line":34,"column":22},"end":{"line":34,"column":23}},"loc":{"start":{"line":34,"column":28},"end":{"line":42,"column":3}},"line":34},"6":{"name":"(anonymous_6)","decl":{"start":{"line":44,"column":24},"end":{"line":44,"column":25}},"loc":{"start":{"line":44,"column":44},"end":{"line":48,"column":3}},"line":44},"7":{"name":"(anonymous_7)","decl":{"start":{"line":45,"column":43},"end":{"line":45,"column":44}},"loc":{"start":{"line":45,"column":53},"end":{"line":45,"column":76}},"line":45},"8":{"name":"(anonymous_8)","decl":{"start":{"line":50,"column":23},"end":{"line":50,"column":24}},"loc":{"start":{"line":50,"column":41},"end":{"line":53,"column":3}},"line":50},"9":{"name":"(anonymous_9)","decl":{"start":{"line":55,"column":23},"end":{"line":55,"column":24}},"loc":{"start":{"line":55,"column":29},"end":{"line":65,"column":3}},"line":55},"10":{"name":"(anonymous_10)","decl":{"start":{"line":56,"column":40},"end":{"line":56,"column":41}},"loc":{"start":{"line":56,"column":50},"end":{"line":61,"column":5}},"line":56},"11":{"name":"(anonymous_11)","decl":{"start":{"line":94,"column":17},"end":{"line":94,"column":18}},"loc":{"start":{"line":94,"column":23},"end":{"line":94,"column":40}},"line":94},"12":{"name":"(anonymous_12)","decl":{"start":{"line":109,"column":22},"end":{"line":109,"column":23}},"loc":{"start":{"line":109,"column":39},"end":{"line":109,"column":55}},"line":109},"13":{"name":"(anonymous_13)","decl":{"start":{"line":110,"column":20},"end":{"line":110,"column":21}},"loc":{"start":{"line":112,"column":10},"end":{"line":137,"column":17}},"line":112},"14":{"name":"(anonymous_14)","decl":{"start":{"line":116,"column":21},"end":{"line":116,"column":22}},"loc":{"start":{"line":116,"column":27},"end":{"line":116,"column":91}},"line":116},"15":{"name":"(anonymous_15)","decl":{"start":{"line":123,"column":25},"end":{"line":123,"column":26}},"loc":{"start":{"line":123,"column":31},"end":{"line":123,"column":51}},"line":123},"16":{"name":"(anonymous_16)","decl":{"start":{"line":131,"column":25},"end":{"line":131,"column":26}},"loc":{"start":{"line":131,"column":31},"end":{"line":131,"column":49}},"line":131}},"branchMap":{"0":{"loc":{"start":{"line":16,"column":6},"end":{"line":20,"column":7}},"type":"if","locations":[{"start":{"line":16,"column":6},"end":{"line":20,"column":7}},{"start":{"line":18,"column":13},"end":{"line":20,"column":7}}],"line":16},"1":{"loc":{"start":{"line":35,"column":4},"end":{"line":38,"column":5}},"type":"if","locations":[{"start":{"line":35,"column":4},"end":{"line":38,"column":5}},{"start":{},"end":{}}],"line":35},"2":{"loc":{"start":{"line":57,"column":6},"end":{"line":59,"column":7}},"type":"if","locations":[{"start":{"line":57,"column":6},"end":{"line":59,"column":7}},{"start":{},"end":{}}],"line":57},"3":{"loc":{"start":{"line":66,"column":2},"end":{"line":101,"column":3}},"type":"if","locations":[{"start":{"line":66,"column":2},"end":{"line":101,"column":3}},{"start":{},"end":{}}],"line":66}},"s":{"0":18,"1":18,"2":18,"3":18,"4":18,"5":5,"6":5,"7":5,"8":5,"9":5,"10":0,"11":5,"12":18,"13":13,"14":13,"15":13,"16":13,"17":18,"18":1,"19":0,"20":0,"21":1,"22":1,"23":1,"24":18,"25":1,"26":3,"27":1,"28":1,"29":18,"30":2,"31":2,"32":18,"33":1,"34":3,"35":1,"36":2,"37":1,"38":1,"39":1,"40":18,"41":3,"42":1,"43":15,"44":55,"45":45,"46":0,"47":1,"48":2,"49":1},"f":{"0":18,"1":5,"2":5,"3":13,"4":13,"5":1,"6":1,"7":3,"8":2,"9":1,"10":3,"11":1,"12":55,"13":45,"14":0,"15":1,"16":2},"b":{"0":[5,0],"1":[0,1],"2":[1,2],"3":[3,15]},"_coverageSchema":"1a1c01bbd47fc00a2c39e90264f33305004495a9","hash":"bbf238606b8362b6da80fed9a16348f4edb5f465"}
,"/Users/simonadrinkova/React-fitness tracking app/fitness-tracker/utils/localStorageUtils.js": {"path":"/Users/simonadrinkova/React-fitness tracking app/fitness-tracker/utils/localStorageUtils.js","statementMap":{"0":{"start":{"line":4,"column":23},"end":{"line":11,"column":1}},"1":{"start":{"line":5,"column":2},"end":{"line":10,"column":3}},"2":{"start":{"line":7,"column":4},"end":{"line":7,"column":59}},"3":{"start":{"line":14,"column":23},"end":{"line":22,"column":1}},"4":{"start":{"line":15,"column":2},"end":{"line":21,"column":3}},"5":{"start":{"line":16,"column":18},"end":{"line":16,"column":49}},"6":{"start":{"line":18,"column":4},"end":{"line":18,"column":44}},"7":{"start":{"line":25,"column":26},"end":{"line":32,"column":1}},"8":{"start":{"line":26,"column":2},"end":{"line":31,"column":3}},"9":{"start":{"line":28,"column":4},"end":{"line":28,"column":39}},"10":{"start":{"line":35,"column":26},"end":{"line":44,"column":1}},"11":{"start":{"line":36,"column":24},"end":{"line":36,"column":42}},"12":{"start":{"line":37,"column":2},"end":{"line":43,"column":3}},"13":{"start":{"line":38,"column":25},"end":{"line":38,"column":58}},"14":{"start":{"line":40,"column":4},"end":{"line":40,"column":37}},"15":{"start":{"line":42,"column":4},"end":{"line":42,"column":33}}},"fnMap":{"0":{"name":"(anonymous_0)","decl":{"start":{"line":4,"column":23},"end":{"line":4,"column":24}},"loc":{"start":{"line":4,"column":45},"end":{"line":11,"column":1}},"line":4},"1":{"name":"(anonymous_1)","decl":{"start":{"line":14,"column":23},"end":{"line":14,"column":24}},"loc":{"start":{"line":14,"column":38},"end":{"line":22,"column":1}},"line":14},"2":{"name":"(anonymous_2)","decl":{"start":{"line":25,"column":26},"end":{"line":25,"column":27}},"loc":{"start":{"line":25,"column":41},"end":{"line":32,"column":1}},"line":25},"3":{"name":"(anonymous_3)","decl":{"start":{"line":35,"column":26},"end":{"line":35,"column":27}},"loc":{"start":{"line":35,"column":51},"end":{"line":44,"column":1}},"line":35}},"branchMap":{"0":{"loc":{"start":{"line":18,"column":11},"end":{"line":18,"column":43}},"type":"cond-expr","locations":[{"start":{"line":18,"column":19},"end":{"line":18,"column":36}},{"start":{"line":18,"column":39},"end":{"line":18,"column":43}}],"line":18},"1":{"loc":{"start":{"line":37,"column":2},"end":{"line":43,"column":3}},"type":"if","locations":[{"start":{"line":37,"column":2},"end":{"line":43,"column":3}},{"start":{"line":41,"column":9},"end":{"line":43,"column":3}}],"line":37}},"s":{"0":2,"1":0,"2":0,"3":2,"4":0,"5":0,"6":0,"7":2,"8":0,"9":0,"10":2,"11":0,"12":0,"13":0,"14":0,"15":0},"f":{"0":0,"1":0,"2":0,"3":0},"b":{"0":[0,0],"1":[0,0]},"_coverageSchema":"1a1c01bbd47fc00a2c39e90264f33305004495a9","hash":"9710446b98b21df447ef20e4d771f56760728c05"}
}
