TN:
SF:components/exerciseList.js
FN:6,ExerciseList
FN:18,(anonymous_1)
FN:19,(anonymous_2)
FN:29,(anonymous_3)
FN:30,(anonymous_4)
FN:37,(anonymous_5)
FN:41,(anonymous_6)
FN:42,(anonymous_7)
FN:47,(anonymous_8)
FN:52,(anonymous_9)
FN:58,(anonymous_10)
FN:77,(anonymous_11)
FN:123,(anonymous_12)
FN:132,(anonymous_13)
FN:141,(anonymous_14)
FN:150,(anonymous_15)
FN:158,(anonymous_16)
FN:164,(anonymous_17)
FN:178,(anonymous_18)
FN:196,(anonymous_19)
FN:197,(anonymous_20)
FN:199,(anonymous_21)
FN:207,(anonymous_22)
FNF:23
FNH:22
FNDA:24,ExerciseList
FNDA:5,(anonymous_1)
FNDA:5,(anonymous_2)
FNDA:13,(anonymous_3)
FNDA:13,(anonymous_4)
FNDA:2,(anonymous_5)
FNDA:1,(anonymous_6)
FNDA:1,(anonymous_7)
FNDA:2,(anonymous_8)
FNDA:1,(anonymous_9)
FNDA:1,(anonymous_10)
FNDA:1,(anonymous_11)
FNDA:2,(anonymous_12)
FNDA:1,(anonymous_13)
FNDA:1,(anonymous_14)
FNDA:1,(anonymous_15)
FNDA:0,(anonymous_16)
FNDA:2,(anonymous_17)
FNDA:2,(anonymous_18)
FNDA:19,(anonymous_19)
FNDA:10,(anonymous_20)
FNDA:2,(anonymous_21)
FNDA:1,(anonymous_22)
DA:7,24
DA:8,24
DA:9,24
DA:10,24
DA:11,24
DA:12,24
DA:13,24
DA:14,24
DA:15,24
DA:16,24
DA:18,24
DA:19,5
DA:20,5
DA:21,5
DA:22,5
DA:23,5
DA:26,5
DA:29,24
DA:30,13
DA:31,13
DA:32,13
DA:34,13
DA:37,24
DA:38,2
DA:41,24
DA:42,1
DA:43,1
DA:44,1
DA:47,24
DA:48,2
DA:49,2
DA:52,24
DA:53,1
DA:54,0
DA:55,0
DA:58,1
DA:59,1
DA:60,1
DA:69,0
DA:71,1
DA:72,1
DA:73,1
DA:74,1
DA:77,24
DA:78,1
DA:79,1
DA:80,1
DA:81,0
DA:82,0
DA:85,1
DA:86,0
DA:87,0
DA:89,1
DA:90,1
DA:98,1
DA:99,1
DA:100,1
DA:101,1
DA:102,1
DA:103,1
DA:104,1
DA:105,1
DA:109,24
DA:110,9
DA:123,2
DA:132,1
DA:141,1
DA:150,1
DA:158,0
DA:165,2
DA:166,1
DA:168,1
DA:179,2
DA:180,2
DA:181,2
DA:191,15
DA:196,19
DA:198,10
DA:199,2
DA:207,1
DA:229,1
LF:81
LH:73
BRDA:22,0,0,5
BRDA:22,0,1,0
BRDA:53,1,0,0
BRDA:53,1,1,1
BRDA:53,2,0,1
BRDA:53,2,1,1
BRDA:53,2,2,1
BRDA:59,3,0,1
BRDA:59,3,1,0
BRDA:80,4,0,0
BRDA:80,4,1,1
BRDA:80,5,0,1
BRDA:80,5,1,1
BRDA:80,5,2,1
BRDA:85,6,0,0
BRDA:85,6,1,1
BRDA:85,7,0,1
BRDA:85,7,1,1
BRDA:85,7,2,1
BRDA:89,8,0,1
BRDA:89,8,1,0
BRDA:89,9,0,1
BRDA:89,9,1,1
BRDA:89,9,2,1
BRDA:109,10,0,9
BRDA:109,10,1,15
BRDA:109,11,0,24
BRDA:109,11,1,18
BRDA:117,12,0,3
BRDA:117,12,1,6
BRDA:122,13,0,3
BRDA:122,13,1,6
BRDA:123,14,0,1
BRDA:123,14,1,1
BRDA:131,15,0,3
BRDA:131,15,1,6
BRDA:132,16,0,0
BRDA:132,16,1,1
BRDA:140,17,0,3
BRDA:140,17,1,6
BRDA:141,18,0,0
BRDA:141,18,1,1
BRDA:149,19,0,3
BRDA:149,19,1,6
BRDA:150,20,0,0
BRDA:150,20,1,1
BRDA:157,21,0,3
BRDA:157,21,1,6
BRDA:158,22,0,0
BRDA:158,22,1,0
BRDA:165,23,0,1
BRDA:165,23,1,1
BRDA:173,24,0,3
BRDA:173,24,1,6
BRDA:204,25,0,10
BRDA:204,25,1,1
BRDA:205,26,0,10
BRDA:205,26,1,0
BRF:58
BRH:46
end_of_record
TN:
SF:components/trainingThreads.js
FN:6,TrainingThreads
FN:12,(anonymous_1)
FN:13,(anonymous_2)
FN:25,(anonymous_3)
FN:26,(anonymous_4)
FN:34,(anonymous_5)
FN:44,(anonymous_6)
FN:45,(anonymous_7)
FN:50,(anonymous_8)
FN:55,(anonymous_9)
FN:56,(anonymous_10)
FN:94,(anonymous_11)
FN:109,(anonymous_12)
FN:110,(anonymous_13)
FN:116,(anonymous_14)
FN:123,(anonymous_15)
FN:131,(anonymous_16)
FNF:17
FNH:16
FNDA:18,TrainingThreads
FNDA:5,(anonymous_1)
FNDA:5,(anonymous_2)
FNDA:13,(anonymous_3)
FNDA:13,(anonymous_4)
FNDA:1,(anonymous_5)
FNDA:1,(anonymous_6)
FNDA:3,(anonymous_7)
FNDA:2,(anonymous_8)
FNDA:1,(anonymous_9)
FNDA:3,(anonymous_10)
FNDA:1,(anonymous_11)
FNDA:55,(anonymous_12)
FNDA:45,(anonymous_13)
FNDA:0,(anonymous_14)
FNDA:1,(anonymous_15)
FNDA:2,(anonymous_16)
DA:7,18
DA:8,18
DA:9,18
DA:10,18
DA:12,18
DA:13,5
DA:14,5
DA:15,5
DA:16,5
DA:17,5
DA:19,0
DA:22,5
DA:25,18
DA:26,13
DA:27,13
DA:28,13
DA:30,13
DA:34,18
DA:35,1
DA:36,0
DA:37,0
DA:39,1
DA:40,1
DA:41,1
DA:44,18
DA:45,3
DA:46,1
DA:47,1
DA:50,18
DA:51,2
DA:52,2
DA:55,18
DA:56,1
DA:57,3
DA:58,1
DA:60,2
DA:62,1
DA:63,1
DA:64,1
DA:66,18
DA:67,3
DA:94,1
DA:103,15
DA:109,55
DA:112,45
DA:116,0
DA:123,1
DA:131,2
DA:164,1
LF:49
LH:45
BRDA:16,0,0,5
BRDA:16,0,1,0
BRDA:35,1,0,0
BRDA:35,1,1,1
BRDA:57,2,0,1
BRDA:57,2,1,2
BRDA:66,3,0,3
BRDA:66,3,1,15
BRF:8
BRH:6
end_of_record
TN:
SF:utils/localStorageUtils.js
FN:4,(anonymous_0)
FN:14,(anonymous_1)
FN:25,(anonymous_2)
FN:35,(anonymous_3)
FNF:4
FNH:0
FNDA:0,(anonymous_0)
FNDA:0,(anonymous_1)
FNDA:0,(anonymous_2)
FNDA:0,(anonymous_3)
DA:4,2
DA:5,0
DA:7,0
DA:14,2
DA:15,0
DA:16,0
DA:18,0
DA:25,2
DA:26,0
DA:28,0
DA:35,2
DA:36,0
DA:37,0
DA:38,0
DA:40,0
DA:42,0
LF:16
LH:4
BRDA:18,0,0,0
BRDA:18,0,1,0
BRDA:37,1,0,0
BRDA:37,1,1,0
BRF:4
BRH:0
end_of_record
