TN:
SF:components/trainingThreads.js
FN:6,TrainingThreads
FN:12,(anonymous_1)
FN:13,(anonymous_2)
FN:25,(anonymous_3)
FN:26,(anonymous_4)
FN:34,(anonymous_5)
FN:44,(anonymous_6)
FN:45,(anonymous_7)
FN:50,(anonymous_8)
FN:55,(anonymous_9)
FN:56,(anonymous_10)
FN:94,(anonymous_11)
FN:109,(anonymous_12)
FN:110,(anonymous_13)
FN:116,(anonymous_14)
FN:123,(anonymous_15)
FN:131,(anonymous_16)
FNF:17
FNH:16
FNDA:18,TrainingThreads
FNDA:5,(anonymous_1)
FNDA:5,(anonymous_2)
FNDA:13,(anonymous_3)
FNDA:13,(anonymous_4)
FNDA:1,(anonymous_5)
FNDA:1,(anonymous_6)
FNDA:3,(anonymous_7)
FNDA:2,(anonymous_8)
FNDA:1,(anonymous_9)
FNDA:3,(anonymous_10)
FNDA:1,(anonymous_11)
FNDA:55,(anonymous_12)
FNDA:45,(anonymous_13)
FNDA:0,(anonymous_14)
FNDA:1,(anonymous_15)
FNDA:2,(anonymous_16)
DA:7,18
DA:8,18
DA:9,18
DA:10,18
DA:12,18
DA:13,5
DA:14,5
DA:15,5
DA:16,5
DA:17,5
DA:19,0
DA:22,5
DA:25,18
DA:26,13
DA:27,13
DA:28,13
DA:30,13
DA:34,18
DA:35,1
DA:36,0
DA:37,0
DA:39,1
DA:40,1
DA:41,1
DA:44,18
DA:45,3
DA:46,1
DA:47,1
DA:50,18
DA:51,2
DA:52,2
DA:55,18
DA:56,1
DA:57,3
DA:58,1
DA:60,2
DA:62,1
DA:63,1
DA:64,1
DA:66,18
DA:67,3
DA:94,1
DA:103,15
DA:109,55
DA:112,45
DA:116,0
DA:123,1
DA:131,2
DA:164,1
LF:49
LH:45
BRDA:16,0,0,5
BRDA:16,0,1,0
BRDA:35,1,0,0
BRDA:35,1,1,1
BRDA:57,2,0,1
BRDA:57,2,1,2
BRDA:66,3,0,3
BRDA:66,3,1,15
BRF:8
BRH:6
end_of_record
TN:
SF:utils/localStorageUtils.js
FN:4,(anonymous_0)
FN:14,(anonymous_1)
FN:25,(anonymous_2)
FN:35,(anonymous_3)
FNF:4
FNH:0
FNDA:0,(anonymous_0)
FNDA:0,(anonymous_1)
FNDA:0,(anonymous_2)
FNDA:0,(anonymous_3)
DA:4,1
DA:5,0
DA:7,0
DA:14,1
DA:15,0
DA:16,0
DA:18,0
DA:25,1
DA:26,0
DA:28,0
DA:35,1
DA:36,0
DA:37,0
DA:38,0
DA:40,0
DA:42,0
LF:16
LH:4
BRDA:18,0,0,0
BRDA:18,0,1,0
BRDA:37,1,0,0
BRDA:37,1,1,0
BRF:4
BRH:0
end_of_record
